<?xml version="1.0" encoding="UTF-8"?>
<coverage generated="1657223909645" clover="3.2.0">
  <project timestamp="1657223909645" name="All files">
    <metrics statements="40" coveredstatements="40" conditionals="11" coveredconditionals="11" methods="9" coveredmethods="9" elements="60" coveredelements="60" complexity="0" loc="40" ncloc="40" packages="1" files="2" classes="2"/>
    <file name="cookie.html" path="D:\Projects\loft\course-javascript\projects\cookie\cookie.html">
      <metrics statements="2" coveredstatements="2" conditionals="0" coveredconditionals="0" methods="0" coveredmethods="0"/>
      <line num="2" count="1" type="stmt"/>
      <line num="3" count="1" type="stmt"/>
    </file>
    <file name="index.js" path="D:\Projects\loft\course-javascript\projects\cookie\index.js">
      <metrics statements="38" coveredstatements="38" conditionals="11" coveredconditionals="11" methods="9" coveredmethods="9"/>
      <line num="36" count="1" type="stmt"/>
      <line num="38" count="1" type="stmt"/>
      <line num="40" count="1" type="stmt"/>
      <line num="42" count="1" type="stmt"/>
      <line num="44" count="1" type="stmt"/>
      <line num="46" count="1" type="stmt"/>
      <line num="48" count="1" type="stmt"/>
      <line num="49" count="7" type="stmt"/>
      <line num="50" count="7" type="stmt"/>
      <line num="53" count="1" type="stmt"/>
      <line num="54" count="23" type="stmt"/>
      <line num="55" count="23" type="stmt"/>
      <line num="56" count="23" type="stmt"/>
      <line num="62" count="63" type="stmt"/>
      <line num="66" count="54" type="stmt"/>
      <line num="67" count="85" type="stmt"/>
      <line num="68" count="85" type="stmt"/>
      <line num="69" count="85" type="cond" truecount="2" falsecount="0"/>
      <line num="70" count="75" type="stmt"/>
      <line num="76" count="31" type="stmt"/>
      <line num="77" count="55" type="cond" truecount="2" falsecount="0"/>
      <line num="81" count="17" type="stmt"/>
      <line num="83" count="55" type="cond" truecount="2" falsecount="0"/>
      <line num="84" count="21" type="stmt"/>
      <line num="90" count="38" type="stmt"/>
      <line num="91" count="38" type="stmt"/>
      <line num="92" count="38" type="stmt"/>
      <line num="93" count="38" type="stmt"/>
      <line num="94" count="38" type="stmt"/>
      <line num="95" count="38" type="stmt"/>
      <line num="96" count="38" type="stmt"/>
      <line num="97" count="38" type="stmt"/>
      <line num="98" count="38" type="stmt"/>
      <line num="99" count="38" type="stmt"/>
      <line num="100" count="2" type="stmt"/>
      <line num="101" count="2" type="stmt"/>
      <line num="106" count="23" type="stmt"/>
      <line num="109" count="1" type="stmt"/>
    </file>
  </project>
</coverage>
