{"D:\\Projects\\loft\\course-javascript\\projects\\cookie\\cookie.html": {"path":"D:\\Projects\\loft\\course-javascript\\projects\\cookie\\cookie.html","statementMap":{"0":{"start":{"line":2,"column":17},"end":{"line":2,"column":1447}},"1":{"start":{"line":3,"column":4},"end":{"line":3,"column":67}}},"fnMap":{},"branchMap":{},"s":{"0":1,"1":1},"f":{},"b":{},"inputSourceMap":null,"_coverageSchema":"1a1c01bbd47fc00a2c39e90264f33305004495a9","hash":"7946a97cc0379ac0c404dbd7fcf573d180fd5f22"}
,"D:\\Projects\\loft\\course-javascript\\projects\\cookie\\index.js": {"path":"D:\\Projects\\loft\\course-javascript\\projects\\cookie\\index.js","statementMap":{"0":{"start":{"line":36,"column":26},"end":{"line":36,"column":56}},"1":{"start":{"line":38,"column":24},"end":{"line":38,"column":77}},"2":{"start":{"line":40,"column":21},"end":{"line":40,"column":71}},"3":{"start":{"line":42,"column":22},"end":{"line":42,"column":73}},"4":{"start":{"line":44,"column":18},"end":{"line":44,"column":64}},"5":{"start":{"line":46,"column":18},"end":{"line":46,"column":70}},"6":{"start":{"line":48,"column":0},"end":{"line":51,"column":3}},"7":{"start":{"line":49,"column":2},"end":{"line":49,"column":27}},"8":{"start":{"line":50,"column":2},"end":{"line":50,"column":61}},"9":{"start":{"line":53,"column":0},"end":{"line":57,"column":3}},"10":{"start":{"line":54,"column":2},"end":{"line":54,"column":58}},"11":{"start":{"line":55,"column":2},"end":{"line":55,"column":27}},"12":{"start":{"line":56,"column":2},"end":{"line":56,"column":61}},"13":{"start":{"line":62,"column":2},"end":{"line":62,"column":64}},"14":{"start":{"line":66,"column":2},"end":{"line":72,"column":9}},"15":{"start":{"line":67,"column":26},"end":{"line":67,"column":44}},"16":{"start":{"line":68,"column":4},"end":{"line":68,"column":23}},"17":{"start":{"line":69,"column":4},"end":{"line":71,"column":5}},"18":{"start":{"line":70,"column":6},"end":{"line":70,"column":18}},"19":{"start":{"line":76,"column":2},"end":{"line":86,"column":3}},"20":{"start":{"line":77,"column":4},"end":{"line":82,"column":5}},"21":{"start":{"line":81,"column":6},"end":{"line":81,"column":36}},"22":{"start":{"line":83,"column":4},"end":{"line":85,"column":5}},"23":{"start":{"line":84,"column":6},"end":{"line":84,"column":36}},"24":{"start":{"line":90,"column":14},"end":{"line":90,"column":56}},"25":{"start":{"line":91,"column":15},"end":{"line":91,"column":32}},"26":{"start":{"line":92,"column":2},"end":{"line":92,"column":26}},"27":{"start":{"line":93,"column":16},"end":{"line":93,"column":33}},"28":{"start":{"line":94,"column":2},"end":{"line":94,"column":36}},"29":{"start":{"line":95,"column":16},"end":{"line":95,"column":33}},"30":{"start":{"line":96,"column":17},"end":{"line":96,"column":49}},"31":{"start":{"line":97,"column":2},"end":{"line":97,"column":33}},"32":{"start":{"line":98,"column":2},"end":{"line":98,"column":28}},"33":{"start":{"line":99,"column":2},"end":{"line":102,"column":5}},"34":{"start":{"line":100,"column":4},"end":{"line":100,"column":31}},"35":{"start":{"line":101,"column":4},"end":{"line":101,"column":74}},"36":{"start":{"line":106,"column":2},"end":{"line":106,"column":66}},"37":{"start":{"line":109,"column":0},"end":{"line":109,"column":36}}},"fnMap":{"0":{"name":"(anonymous_0)","decl":{"start":{"line":48,"column":42},"end":{"line":48,"column":43}},"loc":{"start":{"line":48,"column":54},"end":{"line":51,"column":1}},"line":48},"1":{"name":"(anonymous_1)","decl":{"start":{"line":53,"column":36},"end":{"line":53,"column":37}},"loc":{"start":{"line":53,"column":42},"end":{"line":57,"column":1}},"line":53},"2":{"name":"isMatching","decl":{"start":{"line":61,"column":9},"end":{"line":61,"column":19}},"loc":{"start":{"line":61,"column":33},"end":{"line":63,"column":1}},"line":61},"3":{"name":"collectCookie","decl":{"start":{"line":65,"column":9},"end":{"line":65,"column":22}},"loc":{"start":{"line":65,"column":25},"end":{"line":73,"column":1}},"line":65},"4":{"name":"(anonymous_4)","decl":{"start":{"line":66,"column":44},"end":{"line":66,"column":45}},"loc":{"start":{"line":66,"column":63},"end":{"line":72,"column":3}},"line":66},"5":{"name":"renderFilterCookie","decl":{"start":{"line":75,"column":9},"end":{"line":75,"column":27}},"loc":{"start":{"line":75,"column":50},"end":{"line":87,"column":1}},"line":75},"6":{"name":"renderCookie","decl":{"start":{"line":89,"column":9},"end":{"line":89,"column":21}},"loc":{"start":{"line":89,"column":39},"end":{"line":103,"column":1}},"line":89},"7":{"name":"(anonymous_7)","decl":{"start":{"line":99,"column":35},"end":{"line":99,"column":36}},"loc":{"start":{"line":99,"column":47},"end":{"line":102,"column":3}},"line":99},"8":{"name":"addCookie","decl":{"start":{"line":105,"column":9},"end":{"line":105,"column":18}},"loc":{"start":{"line":105,"column":32},"end":{"line":107,"column":1}},"line":105}},"branchMap":{"0":{"loc":{"start":{"line":69,"column":4},"end":{"line":71,"column":5}},"type":"if","locations":[{"start":{"line":69,"column":4},"end":{"line":71,"column":5}},{"start":{"line":69,"column":4},"end":{"line":71,"column":5}}],"line":69},"1":{"loc":{"start":{"line":75,"column":37},"end":{"line":75,"column":48}},"type":"default-arg","locations":[{"start":{"line":75,"column":46},"end":{"line":75,"column":48}}],"line":75},"2":{"loc":{"start":{"line":77,"column":4},"end":{"line":82,"column":5}},"type":"if","locations":[{"start":{"line":77,"column":4},"end":{"line":82,"column":5}},{"start":{"line":77,"column":4},"end":{"line":82,"column":5}}],"line":77},"3":{"loc":{"start":{"line":78,"column":6},"end":{"line":79,"column":53}},"type":"binary-expr","locations":[{"start":{"line":78,"column":7},"end":{"line":78,"column":13}},{"start":{"line":78,"column":17},"end":{"line":78,"column":43}},{"start":{"line":79,"column":7},"end":{"line":79,"column":13}},{"start":{"line":79,"column":17},"end":{"line":79,"column":52}}],"line":78},"4":{"loc":{"start":{"line":83,"column":4},"end":{"line":85,"column":5}},"type":"if","locations":[{"start":{"line":83,"column":4},"end":{"line":85,"column":5}},{"start":{"line":83,"column":4},"end":{"line":85,"column":5}}],"line":83}},"s":{"0":1,"1":1,"2":1,"3":1,"4":1,"5":1,"6":1,"7":7,"8":7,"9":1,"10":23,"11":23,"12":23,"13":63,"14":54,"15":85,"16":85,"17":85,"18":75,"19":31,"20":55,"21":17,"22":55,"23":21,"24":38,"25":38,"26":38,"27":38,"28":38,"29":38,"30":38,"31":38,"32":38,"33":38,"34":2,"35":2,"36":23,"37":1},"f":{"0":7,"1":23,"2":63,"3":54,"4":85,"5":31,"6":38,"7":2,"8":23},"b":{"0":[75,10],"1":[1],"2":[17,38],"3":[55,34,50,29],"4":[21,34]},"_coverageSchema":"1a1c01bbd47fc00a2c39e90264f33305004495a9","hash":"88b49a32904a5b762b409be0422781fa36756664"}
}
