TN:
SF:projects\cookie\cookie.html
FNF:0
FNH:0
DA:2,1
DA:3,1
LF:2
LH:2
BRF:0
BRH:0
end_of_record
TN:
SF:projects\cookie\index.js
FN:48,(anonymous_0)
FN:53,(anonymous_1)
FN:61,isMatching
FN:65,collectCookie
FN:66,(anonymous_4)
FN:75,renderFilterCookie
FN:89,renderCookie
FN:99,(anonymous_7)
FN:105,addCookie
FNF:9
FNH:9
FNDA:7,(anonymous_0)
FNDA:23,(anonymous_1)
FNDA:63,isMatching
FNDA:54,collectCookie
FNDA:85,(anonymous_4)
FNDA:31,renderFilterCookie
FNDA:38,renderCookie
FNDA:2,(anonymous_7)
FNDA:23,addCookie
DA:36,1
DA:38,1
DA:40,1
DA:42,1
DA:44,1
DA:46,1
DA:48,1
DA:49,7
DA:50,7
DA:53,1
DA:54,23
DA:55,23
DA:56,23
DA:62,63
DA:66,54
DA:67,85
DA:68,85
DA:69,85
DA:70,75
DA:76,31
DA:77,55
DA:81,17
DA:83,55
DA:84,21
DA:90,38
DA:91,38
DA:92,38
DA:93,38
DA:94,38
DA:95,38
DA:96,38
DA:97,38
DA:98,38
DA:99,38
DA:100,2
DA:101,2
DA:106,23
DA:109,1
LF:38
LH:38
BRDA:69,0,0,75
BRDA:69,0,1,10
BRDA:75,1,0,1
BRDA:77,2,0,17
BRDA:77,2,1,38
BRDA:78,3,0,55
BRDA:78,3,1,34
BRDA:78,3,2,50
BRDA:78,3,3,29
BRDA:83,4,0,21
BRDA:83,4,1,34
BRF:11
BRH:11
end_of_record
